trunk/Android/ShoppieVer2/proguard.cfg
-optimizationpasses 5
-dontusemixedcaseclassnames
-dontskipnonpubliclibraryclasses
-dontskipnonpubliclibraryclassmembers
-dontpreverify
-verbose
-optimizations !code/simplification/arithmetic,!field/*,!class/merging/*

-libraryjars D:\Android\workspace-visva1\ShoppieVer2\libs\android-support-v4.jar
-libraryjars D:\Android\workspace-visva1\ShoppieVer2\libs\carousel-api-v1.jar
-libraryjars D:\Android\workspace-visva1\ShoppieVer2\libs\gcm-server.jar
-libraryjars D:\Android\workspace-visva1\ShoppieVer2\libs\gcm.jar
-libraryjars D:\Android\workspace-visva1\ShoppieVer2\libs\gcm-src.jar
-libraryjars D:\Android\workspace-visva1\ShoppieVer2\libs\gson-2.2.4.jar
-libraryjars D:\Android\workspace-visva1\ShoppieVer2\libs\json_simple-1.1.jar
-libraryjars D:\Android\workspace-visva1\ShoppieVer2\libs\libGoogleAnalyticsV2.jar
-libraryjars D:\Android\workspace-visva1\ShoppieVer2\libs\nineoldandroids-2.4.0.jar

-keepattributes Signature

-keep public class com.facebook.*
-keep public class com.facebook.android.*
-keep public class com.facebook.internal.*
-keep public class com.facebook.model.GraphObject.*
-keep public class com.facebook.model.*
-keep public class com.facebook.widget.*

-keep public class * extends com.facebook.*
-keep public class * extends com.facebook.android.*
-keep public class * extends com.facebook.internal.*
-keep public class * extends com.facebook.model.GraphObject.*
-keep public class * extends com.facebook.model.*
-keep public class * extends com.facebook.widget.*

-keep class com.facebook.** {
   *;
}

-keep public class org.json.simple.*
-keep public class * extends com.google.android.gcm.server.Sender.*
-keep public class * extends android.app.Activity
-keep public class * extends android.support.v4.app.FragmentActivity
-keep public class * extends vn.com.shoppie.activity.VisvaAbstractActivity
-keep public class * extends vn.com.shoppie.activity.VisvaAbstractActivity

-keep public class * extends android.app.Application
-keep public class * extends android.app.Service
-keep public class * extends android.content.BroadcastReceiver
-keep public class * extends android.content.ContentProvider
-keep public class * extends android.app.backup.BackupAgentHelper
-keep public class * extends android.preference.Preference

-keepclasseswithmembernames class * {
    native <methods>;
}

-keepclasseswithmembers class * {
    public <init>(android.content.Context, android.util.AttributeSet);
}

-keepclasseswithmembers class * {
    public <init>(android.content.Context, android.util.AttributeSet, int);
}

-keepclassmembers class * extends android.app.Activity {
   public void *(android.view.View);
}

-keepclassmembers enum * {
    public static **[] values();
    public static ** valueOf(java.lang.String);
}

-keep class * implements android.os.Parcelable {
  public static final android.os.Parcelable$Creator *;
}
-keepclassmembers class * implements java.io.Serializable
{
    private static final java.io.ObjectStreamField[] serialPersistentFields;
    private void writeObject(java.io.ObjectOutputStream);
    private void readObject(java.io.ObjectInputStream);
    java.lang.Object writeReplace();
    java.lang.Object readResolve();
}
-keepattributes Signature

-dontwarn com.parse.**

-keep class com.parse.** { *; }