trunk/Android/ShoppieVer2/proguard/mapping.txt
vn.com.shoppie.ActivityLogo -> vn.com.shoppie.ActivityLogo:
    int[] mTapScreenTextAnimRes -> a
    int mTapScreenTextAnimDuration -> b
    int mTapScreenTextAnimBreak -> c
    void onCreate(android.os.Bundle) -> onCreate
    void onResume() -> onResume
    boolean onCreateOptionsMenu(android.view.Menu) -> onCreateOptionsMenu
vn.com.shoppie.GCMIntentService -> vn.com.shoppie.GCMIntentService:
    vn.com.shoppie.constant.ShoppieSharePref mShoppieSharePref -> a
    void onRegistered(android.content.Context,java.lang.String) -> c
    void onUnregistered$5ffc00fd(android.content.Context) -> a
    void onMessage(android.content.Context,android.content.Intent) -> a
    void onDeletedMessages(android.content.Context,int) -> a
    void onError(android.content.Context,java.lang.String) -> b
    boolean onRecoverableError(android.content.Context,java.lang.String) -> a
    void generateNotification(android.content.Context,java.lang.String,java.lang.String,java.lang.String) -> a
vn.com.shoppie.R -> vn.com.shoppie.a:
vn.com.shoppie.R$styleable -> vn.com.shoppie.b:
    int[] CirclePageIndicator -> a
    int[] Gallery1 -> b
    int[] LinePageIndicator -> c
    int[] MapAttrs -> d
    int[] Panel -> e
    int[] TitlePageIndicator -> f
    int[] UnderlinePageIndicator -> g
    int[] ViewPager3D -> h
    int[] ViewPagerIndicator -> i
    int[] com_facebook_friend_picker_fragment -> j
    int[] com_facebook_login_view -> k
    int[] com_facebook_picker_fragment -> l
    int[] com_facebook_place_picker_fragment -> m
    int[] com_facebook_profile_picture_view -> n
vn.com.shoppie.activity.ActivityChangeUserInfo -> vn.com.shoppie.activity.ActivityChangeUserInfo:
    android.app.DatePickerDialog datePicker -> a
    vn.com.shoppie.constant.ShoppieSharePref mShopieSharePref -> b
    int mChangedInfoTimes -> c
    java.lang.String mUserName -> d
    java.lang.String mUserPhone -> e
    java.lang.String mUserAddress -> f
    java.lang.String mUserBirth -> g
    java.lang.String mUserEmail -> h
    int mUserGender -> i
    java.lang.String lat -> j
    java.lang.String lng -> k
    java.lang.String blueMac -> l
    java.lang.String emeil -> m
    vn.com.shoppie.view.MyTextView mTxtTitle -> n
    void onCreate(android.os.Bundle) -> onCreate
    void onClickBackBtn(android.view.View) -> onClickBackBtn
    void onLocationChanged(android.location.Location) -> onLocationChanged
    void onProviderDisabled(java.lang.String) -> onProviderDisabled
    void onProviderEnabled(java.lang.String) -> onProviderEnabled
    void onStatusChanged(java.lang.String,int,android.os.Bundle) -> onStatusChanged
    void access$0(vn.com.shoppie.activity.ActivityChangeUserInfo,java.lang.String) -> a
    void access$1(vn.com.shoppie.activity.ActivityChangeUserInfo,android.app.DatePickerDialog) -> a
    android.app.DatePickerDialog access$2(vn.com.shoppie.activity.ActivityChangeUserInfo) -> a
    void access$3(vn.com.shoppie.activity.ActivityChangeUserInfo,int) -> a
vn.com.shoppie.activity.ActivityChangeUserInfo$1 -> vn.com.shoppie.activity.a:
    vn.com.shoppie.activity.ActivityChangeUserInfo this$0 -> a
    boolean onTouch(android.view.View,android.view.MotionEvent) -> onTouch
vn.com.shoppie.activity.ActivityChangeUserInfo$2 -> vn.com.shoppie.activity.b:
    vn.com.shoppie.activity.ActivityChangeUserInfo this$0 -> a
    boolean onTouch(android.view.View,android.view.MotionEvent) -> onTouch
vn.com.shoppie.activity.ActivityChangeUserInfo$3 -> vn.com.shoppie.activity.c:
    vn.com.shoppie.activity.ActivityChangeUserInfo this$0 -> a
    android.widget.EditText val$birth -> b
    boolean onTouch(android.view.View,android.view.MotionEvent) -> onTouch
...
com.google.android.gms.maps.internal.IMapFragmentDelegate -> com.google.android.gms.maps.a.j:
    com.google.android.gms.maps.internal.IGoogleMapDelegate getMap() -> a
    void onInflate(com.google.android.gms.internal.bc,com.google.android.gms.maps.GoogleMapOptions,android.os.Bundle) -> a
    void onCreate(android.os.Bundle) -> a
    com.google.android.gms.internal.bc onCreateView(com.google.android.gms.internal.bc,com.google.android.gms.internal.bc,android.os.Bundle) -> a
    void onResume() -> b
    void onPause() -> c
    void onDestroyView() -> d
    void onDestroy() -> e
    void onLowMemory() -> f
    void onSaveInstanceState(android.os.Bundle) -> b
    boolean isReady() -> g
com.google.android.gms.maps.internal.IMapFragmentDelegate$a -> com.google.android.gms.maps.a.k:
    com.google.android.gms.maps.internal.IMapFragmentDelegate x(android.os.IBinder) -> a
    boolean onTransact(int,android.os.Parcel,android.os.Parcel,int) -> onTransact
com.google.android.gms.maps.internal.IMapFragmentDelegate$a$a -> com.google.android.gms.maps.a.l:
    android.os.IBinder a -> a
    android.os.IBinder asBinder() -> asBinder
    com.google.android.gms.maps.internal.IGoogleMapDelegate getMap() -> a
    void onInflate(com.google.android.gms.internal.bc,com.google.android.gms.maps.GoogleMapOptions,android.os.Bundle) -> a
    void onCreate(android.os.Bundle) -> a
    com.google.android.gms.internal.bc onCreateView(com.google.android.gms.internal.bc,com.google.android.gms.internal.bc,android.os.Bundle) -> a
    void onResume() -> b
    void onPause() -> c
    void onDestroyView() -> d
    void onDestroy() -> e
    void onLowMemory() -> f
    void onSaveInstanceState(android.os.Bundle) -> b
    boolean isReady() -> g
com.google.android.gms.maps.internal.IMapViewDelegate -> com.google.android.gms.maps.a.m:
    com.google.android.gms.maps.internal.IGoogleMapDelegate getMap() -> a
    void onCreate(android.os.Bundle) -> a
    void onResume() -> b
    void onPause() -> c
    void onDestroy() -> d
    void onLowMemory() -> e
    void onSaveInstanceState(android.os.Bundle) -> b
    com.google.android.gms.internal.bc getView() -> f
com.google.android.gms.maps.internal.IMapViewDelegate$a -> com.google.android.gms.maps.a.n:
    com.google.android.gms.maps.internal.IMapViewDelegate y(android.os.IBinder) -> a
    boolean onTransact(int,android.os.Parcel,android.os.Parcel,int) -> onTransact
com.google.android.gms.maps.internal.IMapViewDelegate$a$a -> com.google.android.gms.maps.a.o:
    android.os.IBinder a -> a
    android.os.IBinder asBinder() -> asBinder
    com.google.android.gms.maps.internal.IGoogleMapDelegate getMap() -> a
    void onCreate(android.os.Bundle) -> a
    void onResume() -> b
    void onPause() -> c
    void onDestroy() -> d
    void onLowMemory() -> e
    void onSaveInstanceState(android.os.Bundle) -> b
    com.google.android.gms.internal.bc getView() -> f
com.google.android.gms.maps.internal.IProjectionDelegate -> com.google.android.gms.maps.a.p:
    com.google.android.gms.maps.model.LatLng fromScreenLocation(com.google.android.gms.internal.bc) -> a
    com.google.android.gms.internal.bc toScreenLocation(com.google.android.gms.maps.model.LatLng) -> a
    com.google.android.gms.maps.model.VisibleRegion getVisibleRegion() -> a
com.google.android.gms.maps.internal.IProjectionDelegate$a -> com.google.android.gms.maps.a.q:
    com.google.android.gms.maps.internal.IProjectionDelegate H(android.os.IBinder) -> a
    boolean onTransact(int,android.os.Parcel,android.os.Parcel,int) -> onTransact